********  (C) Copyright Rosetta Commons Member Institutions.  ***************
* Use of Rosetta for commercial purposes may require purchase of a license. *
********  See LICENSE.md or email license@uw.edu for more details. **********
core.init: Checking for fconfig files in pwd and ./rosetta/flags 
core.init: Rosetta version: rosetta.binary.m1.release-371 r371 2024.09+release.06b3cf8ad0 06b3cf8ad0940d628690d0ed6fa2009d72ad2b44 https://www.rosettacommons.org 2024-02-28T21:25:09.004217
core.init: command: /Users/junyoung/Desktop/BioMatAI/rosetta/rosetta.binary.m1.release-371/main/source/bin/surface_docking.static.macosclangrelease @input/flags
basic.random.init_random_generator: 'RNG device' seed mode, using '/dev/urandom', seed=-1474417551 seed_offset=0 real_seed=-1474417551
basic.random.init_random_generator: RandomGenerator:init: Normal mode, seed=-1474417551 RG_type=mt19937
core.scoring.ScoreFunctionFactory: SCOREFUNCTION: ref2015
core.scoring.etable: Starting energy table calculation
core.scoring.etable: smooth_etable: changing atr/rep split to bottom of energy well
core.scoring.etable: smooth_etable: spline smoothing lj etables (maxdis = 6)
core.scoring.etable: smooth_etable: spline smoothing solvation etables (max_dis = 6)
core.scoring.etable: Finished calculating energy tables.
basic.io.database: Database file opened: scoring/score_functions/hbonds/ref2015_params/HBPoly1D.csv
basic.io.database: Database file opened: scoring/score_functions/hbonds/ref2015_params/HBFadeIntervals.csv
basic.io.database: Database file opened: scoring/score_functions/hbonds/ref2015_params/HBEval.csv
basic.io.database: Database file opened: scoring/score_functions/hbonds/ref2015_params/DonStrength.csv
basic.io.database: Database file opened: scoring/score_functions/hbonds/ref2015_params/AccStrength.csv
core.chemical.GlobalResidueTypeSet: Finished initializing fa_standard residue type set.  Created 991 residue types
core.chemical.GlobalResidueTypeSet: Total time to initialize 0.268881 seconds.
basic.io.database: Database file opened: scoring/score_functions/rama/fd/all.ramaProb
basic.io.database: Database file opened: scoring/score_functions/rama/fd/prepro.ramaProb
basic.io.database: Database file opened: scoring/score_functions/omega/omega_ppdep.all.txt
basic.io.database: Database file opened: scoring/score_functions/omega/omega_ppdep.gly.txt
basic.io.database: Database file opened: scoring/score_functions/omega/omega_ppdep.pro.txt
basic.io.database: Database file opened: scoring/score_functions/omega/omega_ppdep.valile.txt
basic.io.database: Database file opened: scoring/score_functions/P_AA_pp/P_AA
basic.io.database: Database file opened: scoring/score_functions/P_AA_pp/P_AA_n
core.scoring.P_AA: shapovalov_lib::shap_p_aa_pp_smooth_level of 1( aka low_smooth ) got activated.
basic.io.database: Database file opened: scoring/score_functions/P_AA_pp/shapovalov/10deg/kappa131/a20.prop
protocols.SurfaceDocking.SurfaceDockingProtocol: Setting Weights for talaris
protocols.jd2.PDBJobInputter: Instantiate PDBJobInputter
protocols.jd2.PDBJobInputter: PDBJobInputter::fill_jobs
protocols.jd2.PDBJobInputter: pushed input/complex.pdb nstruct index 1
protocols.evaluation.ChiWellRmsdEvaluatorCreator: Evaluation Creator active ... 
protocols.jd2.PDBJobInputter: PDBJobInputter::pose_from_job
protocols.jd2.PDBJobInputter: filling pose from PDB input/complex.pdb
core.import_pose.import_pose: File 'input/complex.pdb' automatically determined to be of type PDB
core.io.pose_from_sfr.PoseFromSFRBuilder: [ WARNING ] skipping pdb residue b/c it's missing too many mainchain atoms:  444 A SER SER:CtermProteinFull
core.io.pose_from_sfr.PoseFromSFRBuilder: missing:  CA 
core.io.pose_from_sfr.PoseFromSFRBuilder: missing:  C  
core.io.pose_from_sfr.PoseFromSFRBuilder: Adding undetected upper terminus type to residue 686,  443 A
core.conformation.Conformation: [ WARNING ] missing heavyatom:  CB  on residue VAL 483
core.conformation.Conformation: [ WARNING ] missing heavyatom:  CG1 on residue VAL 483
core.conformation.Conformation: [ WARNING ] missing heavyatom:  CG2 on residue VAL 483
core.conformation.Conformation: [ WARNING ] missing heavyatom:  CB  on residue LEU 485
core.conformation.Conformation: [ WARNING ] missing heavyatom:  CG  on residue LEU 485
core.conformation.Conformation: [ WARNING ] missing heavyatom:  CD1 on residue LEU 485
core.conformation.Conformation: [ WARNING ] missing heavyatom:  CD2 on residue LEU 485
core.conformation.Conformation: [ WARNING ] missing heavyatom:  CB  on residue LYS 489
core.conformation.Conformation: [ WARNING ] missing heavyatom:  CG  on residue LYS 489
core.conformation.Conformation: [ WARNING ] missing heavyatom:  CD  on residue LYS 489
core.conformation.Conformation: [ WARNING ] missing heavyatom:  CE  on residue LYS 489
core.conformation.Conformation: [ WARNING ] missing heavyatom:  NZ  on residue LYS 489
core.conformation.Conformation: [ WARNING ] missing heavyatom:  CB  on residue LYS 491
core.conformation.Conformation: [ WARNING ] missing heavyatom:  CG  on residue LYS 491
core.conformation.Conformation: [ WARNING ] missing heavyatom:  CD  on residue LYS 491
core.conformation.Conformation: [ WARNING ] missing heavyatom:  CE  on residue LYS 491
core.conformation.Conformation: [ WARNING ] missing heavyatom:  NZ  on residue LYS 491
core.conformation.Conformation: [ WARNING ] missing heavyatom:  CG  on residue LEU 494
core.conformation.Conformation: [ WARNING ] missing heavyatom:  CD1 on residue LEU 494
core.conformation.Conformation: [ WARNING ] missing heavyatom:  CD2 on residue LEU 494
core.conformation.Conformation: [ WARNING ] missing heavyatom:  CG1 on residue ILE 496
core.conformation.Conformation: [ WARNING ] missing heavyatom:  CG2 on residue ILE 496
core.conformation.Conformation: [ WARNING ] missing heavyatom:  CD1 on residue ILE 496
core.conformation.Conformation: [ WARNING ] missing heavyatom:  CG1 on residue VAL 507
core.conformation.Conformation: [ WARNING ] missing heavyatom:  CG2 on residue VAL 507
core.conformation.Conformation: [ WARNING ] missing heavyatom:  CG  on residue ASP 508
core.conformation.Conformation: [ WARNING ] missing heavyatom:  OD1 on residue ASP 508
core.conformation.Conformation: [ WARNING ] missing heavyatom:  OD2 on residue ASP 508
core.conformation.Conformation: [ WARNING ] missing heavyatom:  CB  on residue VAL 509
core.conformation.Conformation: [ WARNING ] missing heavyatom:  CG1 on residue VAL 509
core.conformation.Conformation: [ WARNING ] missing heavyatom:  CG2 on residue VAL 509
core.conformation.Conformation: [ WARNING ] missing heavyatom:  CD  on residue GLU 512
core.conformation.Conformation: [ WARNING ] missing heavyatom:  OE1 on residue GLU 512
core.conformation.Conformation: [ WARNING ] missing heavyatom:  OE2 on residue GLU 512
core.conformation.Conformation: [ WARNING ] missing heavyatom:  CB  on residue ASP 513
core.conformation.Conformation: [ WARNING ] missing heavyatom:  CG  on residue ASP 513
core.conformation.Conformation: [ WARNING ] missing heavyatom:  OD1 on residue ASP 513
core.conformation.Conformation: [ WARNING ] missing heavyatom:  OD2 on residue ASP 513
core.conformation.Conformation: [ WARNING ] missing heavyatom:  CD  on residue GLN 515
core.conformation.Conformation: [ WARNING ] missing heavyatom:  OE1 on residue GLN 515
core.conformation.Conformation: [ WARNING ] missing heavyatom:  NE2 on residue GLN 515
core.conformation.Conformation: [ WARNING ] missing heavyatom:  CB  on residue VAL 516
core.conformation.Conformation: [ WARNING ] missing heavyatom:  CG1 on residue VAL 516
core.conformation.Conformation: [ WARNING ] missing heavyatom:  CG2 on residue VAL 516
core.conformation.Conformation: [ WARNING ] missing heavyatom:  CG  on residue LYS 517
core.conformation.Conformation: [ WARNING ] missing heavyatom:  CD  on residue LYS 517
core.conformation.Conformation: [ WARNING ] missing heavyatom:  CE  on residue LYS 517
core.conformation.Conformation: [ WARNING ] missing heavyatom:  NZ  on residue LYS 517
core.conformation.Conformation: [ WARNING ] missing heavyatom:  CE1 on residue PHE 518
core.conformation.Conformation: [ WARNING ] missing heavyatom:  CE2 on residue PHE 518
core.conformation.Conformation: [ WARNING ] missing heavyatom:  CZ  on residue PHE 518
core.conformation.Conformation: [ WARNING ] missing heavyatom:  CG  on residue ASN 519
core.conformation.Conformation: [ WARNING ] missing heavyatom:  OD1 on residue ASN 519
core.conformation.Conformation: [ WARNING ] missing heavyatom:  ND2 on residue ASN 519
core.conformation.Conformation: [ WARNING ] missing heavyatom:  CG1 on residue VAL 522
core.conformation.Conformation: [ WARNING ] missing heavyatom:  CG2 on residue VAL 522
core.conformation.Conformation: [ WARNING ] missing heavyatom:  CB  on residue VAL 525
core.conformation.Conformation: [ WARNING ] missing heavyatom:  CG1 on residue VAL 525
core.conformation.Conformation: [ WARNING ] missing heavyatom:  CG2 on residue VAL 525
core.conformation.Conformation: [ WARNING ] missing heavyatom:  CG1 on residue VAL 527
core.conformation.Conformation: [ WARNING ] missing heavyatom:  CG2 on residue VAL 527
core.conformation.Conformation: [ WARNING ] missing heavyatom:  ND1 on residue HIS 528
core.conformation.Conformation: [ WARNING ] missing heavyatom:  CE1 on residue HIS 528
core.conformation.Conformation: [ WARNING ] missing heavyatom:  NE2 on residue HIS 528
core.conformation.Conformation: [ WARNING ] missing heavyatom:  CB  on residue ASN 529
core.conformation.Conformation: [ WARNING ] missing heavyatom:  CG  on residue ASN 529
core.conformation.Conformation: [ WARNING ] missing heavyatom:  OD1 on residue ASN 529
core.conformation.Conformation: [ WARNING ] missing heavyatom:  ND2 on residue ASN 529
core.conformation.Conformation: [ WARNING ] missing heavyatom:  CB  on residue LYS 531
core.conformation.Conformation: [ WARNING ] missing heavyatom:  CG  on residue LYS 531
core.conformation.Conformation: [ WARNING ] missing heavyatom:  CD  on residue LYS 531
core.conformation.Conformation: [ WARNING ] missing heavyatom:  CE  on residue LYS 531
core.conformation.Conformation: [ WARNING ] missing heavyatom:  NZ  on residue LYS 531
core.conformation.Conformation: [ WARNING ] missing heavyatom:  CB  on residue LYS 533
core.conformation.Conformation: [ WARNING ] missing heavyatom:  CG  on residue LYS 533
core.conformation.Conformation: [ WARNING ] missing heavyatom:  CD  on residue LYS 533
core.conformation.Conformation: [ WARNING ] missing heavyatom:  CE  on residue LYS 533
core.conformation.Conformation: [ WARNING ] missing heavyatom:  NZ  on residue LYS 533
core.conformation.Conformation: [ WARNING ] missing heavyatom:  CG  on residue ARG 535
core.conformation.Conformation: [ WARNING ] missing heavyatom:  CD  on residue ARG 535
core.conformation.Conformation: [ WARNING ] missing heavyatom:  NE  on residue ARG 535
core.conformation.Conformation: [ WARNING ] missing heavyatom:  CZ  on residue ARG 535
core.conformation.Conformation: [ WARNING ] missing heavyatom:  NH1 on residue ARG 535
core.conformation.Conformation: [ WARNING ] missing heavyatom:  NH2 on residue ARG 535
core.conformation.Conformation: [ WARNING ] missing heavyatom:  CB  on residue GLU 536
core.conformation.Conformation: [ WARNING ] missing heavyatom:  CG  on residue GLU 536
core.conformation.Conformation: [ WARNING ] missing heavyatom:  CD  on residue GLU 536
core.conformation.Conformation: [ WARNING ] missing heavyatom:  OE1 on residue GLU 536
core.conformation.Conformation: [ WARNING ] missing heavyatom:  OE2 on residue GLU 536
core.conformation.Conformation: [ WARNING ] missing heavyatom:  CG  on residue GLN 537
core.conformation.Conformation: [ WARNING ] missing heavyatom:  CD  on residue GLN 537
core.conformation.Conformation: [ WARNING ] missing heavyatom:  OE1 on residue GLN 537
core.conformation.Conformation: [ WARNING ] missing heavyatom:  NE2 on residue GLN 537
core.conformation.Conformation: [ WARNING ] missing heavyatom:  CB  on residue SER 541
core.conformation.Conformation: [ WARNING ] missing heavyatom:  OG  on residue SER 541
core.conformation.Conformation: [ WARNING ] missing heavyatom:  CG  on residue ARG 544
core.conformation.Conformation: [ WARNING ] missing heavyatom:  CD  on residue ARG 544
core.conformation.Conformation: [ WARNING ] missing heavyatom:  NE  on residue ARG 544
core.conformation.Conformation: [ WARNING ] missing heavyatom:  CG1 on residue VAL 545
core.conformation.Conformation: [ WARNING ] missing heavyatom:  CG2 on residue VAL 545
core.conformation.Conformation: [ WARNING ] missing heavyatom:  CG1 on residue VAL 546
core.conformation.Conformation: [ WARNING ] missing heavyatom:  CG2 on residue VAL 546
core.conformation.Conformation: [ WARNING ] missing heavyatom:  CB  on residue SER 547
core.conformation.Conformation: [ WARNING ] missing heavyatom:  OG  on residue SER 547
core.conformation.Conformation: [ WARNING ] missing heavyatom:  CG  on residue LEU 552
core.conformation.Conformation: [ WARNING ] missing heavyatom:  CD1 on residue LEU 552
core.conformation.Conformation: [ WARNING ] missing heavyatom:  CD2 on residue LEU 552
core.conformation.Conformation: [ WARNING ] missing heavyatom:  CG  on residue GLN 554
core.conformation.Conformation: [ WARNING ] missing heavyatom:  CD  on residue GLN 554
core.conformation.Conformation: [ WARNING ] missing heavyatom:  OE1 on residue GLN 554
core.conformation.Conformation: [ WARNING ] missing heavyatom:  NE2 on residue GLN 554
core.conformation.Conformation: [ WARNING ] missing heavyatom:  CD1 on residue LEU 557
core.conformation.Conformation: [ WARNING ] missing heavyatom:  CD2 on residue LEU 557
core.conformation.Conformation: [ WARNING ] missing heavyatom:  CB  on residue LYS 560
core.conformation.Conformation: [ WARNING ] missing heavyatom:  CG  on residue LYS 560
core.conformation.Conformation: [ WARNING ] missing heavyatom:  CD  on residue LYS 560
core.conformation.Conformation: [ WARNING ] missing heavyatom:  CE  on residue LYS 560
core.conformation.Conformation: [ WARNING ] missing heavyatom:  NZ  on residue LYS 560
core.conformation.Conformation: [ WARNING ] missing heavyatom:  CB  on residue GLU 561
core.conformation.Conformation: [ WARNING ] missing heavyatom:  CG  on residue GLU 561
core.conformation.Conformation: [ WARNING ] missing heavyatom:  CD  on residue GLU 561
core.conformation.Conformation: [ WARNING ] missing heavyatom:  OE1 on residue GLU 561
core.conformation.Conformation: [ WARNING ] missing heavyatom:  OE2 on residue GLU 561
core.conformation.Conformation: [ WARNING ] missing heavyatom:  CG  on residue LYS 563
core.conformation.Conformation: [ WARNING ] missing heavyatom:  CD  on residue LYS 563
core.conformation.Conformation: [ WARNING ] missing heavyatom:  CE  on residue LYS 563
core.conformation.Conformation: [ WARNING ] missing heavyatom:  NZ  on residue LYS 563
core.conformation.Conformation: [ WARNING ] missing heavyatom:  CB  on residue LYS 565
core.conformation.Conformation: [ WARNING ] missing heavyatom:  CG  on residue LYS 565
core.conformation.Conformation: [ WARNING ] missing heavyatom:  CD  on residue LYS 565
core.conformation.Conformation: [ WARNING ] missing heavyatom:  CE  on residue LYS 565
core.conformation.Conformation: [ WARNING ] missing heavyatom:  NZ  on residue LYS 565
core.conformation.Conformation: [ WARNING ] missing heavyatom:  CB  on residue VAL 566
core.conformation.Conformation: [ WARNING ] missing heavyatom:  CG1 on residue VAL 566
core.conformation.Conformation: [ WARNING ] missing heavyatom:  CG2 on residue VAL 566
core.conformation.Conformation: [ WARNING ] missing heavyatom:  OG  on residue SER 567
core.conformation.Conformation: [ WARNING ] missing heavyatom:  CG  on residue LEU 571
core.conformation.Conformation: [ WARNING ] missing heavyatom:  CD1 on residue LEU 571
core.conformation.Conformation: [ WARNING ] missing heavyatom:  CD2 on residue LEU 571
core.conformation.Conformation: [ WARNING ] missing heavyatom:  CG2 on residue ILE 575
core.conformation.Conformation: [ WARNING ] missing heavyatom:  CD1 on residue ILE 575
core.conformation.Conformation: [ WARNING ] missing heavyatom:  CD  on residue LYS 577
core.conformation.Conformation: [ WARNING ] missing heavyatom:  CE  on residue LYS 577
core.conformation.Conformation: [ WARNING ] missing heavyatom:  NZ  on residue LYS 577
core.conformation.Conformation: [ WARNING ] missing heavyatom:  CG2 on residue ILE 579
core.conformation.Conformation: [ WARNING ] missing heavyatom:  CD1 on residue ILE 579
core.conformation.Conformation: [ WARNING ] missing heavyatom:  CB  on residue ARG 587
core.conformation.Conformation: [ WARNING ] missing heavyatom:  CG  on residue ARG 587
core.conformation.Conformation: [ WARNING ] missing heavyatom:  CD  on residue ARG 587
core.conformation.Conformation: [ WARNING ] missing heavyatom:  CG  on residue GLN 590
core.conformation.Conformation: [ WARNING ] missing heavyatom:  CD  on residue GLN 590
core.conformation.Conformation: [ WARNING ] missing heavyatom:  OE1 on residue GLN 590
core.conformation.Conformation: [ WARNING ] missing heavyatom:  NE2 on residue GLN 590
core.conformation.Conformation: [ WARNING ] missing heavyatom:  CG2 on residue THR 593
core.conformation.Conformation: [ WARNING ] missing heavyatom:  CD1 on residue LEU 594
core.conformation.Conformation: [ WARNING ] missing heavyatom:  CD2 on residue LEU 594
core.conformation.Conformation: [ WARNING ] missing heavyatom:  CB  on residue SER 597
core.conformation.Conformation: [ WARNING ] missing heavyatom:  OG  on residue SER 597
core.conformation.Conformation: [ WARNING ] missing heavyatom:  CB  on residue ARG 598
core.conformation.Conformation: [ WARNING ] missing heavyatom:  CG  on residue ARG 598
core.conformation.Conformation: [ WARNING ] missing heavyatom:  CD  on residue ARG 598
core.conformation.Conformation: [ WARNING ] missing heavyatom:  NE  on residue ARG 598
core.conformation.Conformation: [ WARNING ] missing heavyatom:  CZ  on residue ARG 598
core.conformation.Conformation: [ WARNING ] missing heavyatom:  NH1 on residue ARG 598
core.conformation.Conformation: [ WARNING ] missing heavyatom:  NH2 on residue ARG 598
core.conformation.Conformation: [ WARNING ] missing heavyatom:  CB  on residue MET 601
core.conformation.Conformation: [ WARNING ] missing heavyatom:  CG  on residue MET 601
core.conformation.Conformation: [ WARNING ] missing heavyatom:  SD  on residue MET 601
core.conformation.Conformation: [ WARNING ] missing heavyatom:  CE  on residue MET 601
core.conformation.Conformation: [ WARNING ] missing heavyatom:  CB  on residue THR 602
core.conformation.Conformation: [ WARNING ] missing heavyatom:  OG1 on residue THR 602
core.conformation.Conformation: [ WARNING ] missing heavyatom:  CG2 on residue THR 602
core.conformation.Conformation: [ WARNING ] missing heavyatom:  CB  on residue LYS 603
core.conformation.Conformation: [ WARNING ] missing heavyatom:  CG  on residue LYS 603
core.conformation.Conformation: [ WARNING ] missing heavyatom:  CD  on residue LYS 603
core.conformation.Conformation: [ WARNING ] missing heavyatom:  CE  on residue LYS 603
core.conformation.Conformation: [ WARNING ] missing heavyatom:  NZ  on residue LYS 603
core.conformation.Conformation: [ WARNING ] missing heavyatom:  OD1 on residue ASN 604
core.conformation.Conformation: [ WARNING ] missing heavyatom:  CB  on residue GLN 605
core.conformation.Conformation: [ WARNING ] missing heavyatom:  CG  on residue GLN 605
core.conformation.Conformation: [ WARNING ] missing heavyatom:  CD  on residue GLN 605
core.conformation.Conformation: [ WARNING ] missing heavyatom:  OE1 on residue GLN 605
core.conformation.Conformation: [ WARNING ] missing heavyatom:  NE2 on residue GLN 605
core.conformation.Conformation: [ WARNING ] missing heavyatom:  CB  on residue VAL 606
core.conformation.Conformation: [ WARNING ] missing heavyatom:  CG1 on residue VAL 606
core.conformation.Conformation: [ WARNING ] missing heavyatom:  CG2 on residue VAL 606
core.conformation.Conformation: [ WARNING ] missing heavyatom:  CG  on residue LEU 608
core.conformation.Conformation: [ WARNING ] missing heavyatom:  CD1 on residue LEU 608
core.conformation.Conformation: [ WARNING ] missing heavyatom:  CD2 on residue LEU 608
core.conformation.Conformation: [ WARNING ] missing heavyatom:  CG  on residue LEU 611
core.conformation.Conformation: [ WARNING ] missing heavyatom:  CD1 on residue LEU 611
core.conformation.Conformation: [ WARNING ] missing heavyatom:  CD2 on residue LEU 611
core.conformation.Conformation: [ WARNING ] missing heavyatom:  CG1 on residue VAL 612
core.conformation.Conformation: [ WARNING ] missing heavyatom:  CG2 on residue VAL 612
core.conformation.Conformation: [ WARNING ] missing heavyatom:  CG  on residue LYS 613
core.conformation.Conformation: [ WARNING ] missing heavyatom:  CD  on residue LYS 613
core.conformation.Conformation: [ WARNING ] missing heavyatom:  CE  on residue LYS 613
core.conformation.Conformation: [ WARNING ] missing heavyatom:  NZ  on residue LYS 613
core.conformation.Conformation: [ WARNING ] missing heavyatom:  OG  on residue SER 618
core.conformation.Conformation: [ WARNING ] missing heavyatom:  CG1 on residue ILE 620
core.conformation.Conformation: [ WARNING ] missing heavyatom:  CD1 on residue ILE 620
core.conformation.Conformation: [ WARNING ] missing heavyatom:  CG1 on residue VAL 622
core.conformation.Conformation: [ WARNING ] missing heavyatom:  CG2 on residue VAL 622
core.conformation.Conformation: [ WARNING ] missing heavyatom:  CB  on residue GLU 623
core.conformation.Conformation: [ WARNING ] missing heavyatom:  CG  on residue GLU 623
core.conformation.Conformation: [ WARNING ] missing heavyatom:  CD  on residue GLU 623
core.conformation.Conformation: [ WARNING ] missing heavyatom:  OE1 on residue GLU 623
core.conformation.Conformation: [ WARNING ] missing heavyatom:  OE2 on residue GLU 623
core.conformation.Conformation: [ WARNING ] missing heavyatom:  CG  on residue GLU 625
core.conformation.Conformation: [ WARNING ] missing heavyatom:  CD  on residue GLU 625
core.conformation.Conformation: [ WARNING ] missing heavyatom:  OE1 on residue GLU 625
core.conformation.Conformation: [ WARNING ] missing heavyatom:  OE2 on residue GLU 625
core.conformation.Conformation: [ WARNING ] missing heavyatom:  CB  on residue GLN 629
core.conformation.Conformation: [ WARNING ] missing heavyatom:  CG  on residue GLN 629
core.conformation.Conformation: [ WARNING ] missing heavyatom:  CD  on residue GLN 629
core.conformation.Conformation: [ WARNING ] missing heavyatom:  OE1 on residue GLN 629
core.conformation.Conformation: [ WARNING ] missing heavyatom:  NE2 on residue GLN 629
core.conformation.Conformation: [ WARNING ] missing heavyatom:  CB  on residue ASN 633
core.conformation.Conformation: [ WARNING ] missing heavyatom:  CG  on residue ASN 633
core.conformation.Conformation: [ WARNING ] missing heavyatom:  OD1 on residue ASN 633
core.conformation.Conformation: [ WARNING ] missing heavyatom:  ND2 on residue ASN 633
core.conformation.Conformation: [ WARNING ] missing heavyatom:  CG1 on residue VAL 640
core.conformation.Conformation: [ WARNING ] missing heavyatom:  CG2 on residue VAL 640
core.conformation.Conformation: [ WARNING ] missing heavyatom:  CD1 on residue LEU 641
core.conformation.Conformation: [ WARNING ] missing heavyatom:  CD2 on residue LEU 641
core.conformation.Conformation: [ WARNING ] missing heavyatom:  CG  on residue LEU 649
core.conformation.Conformation: [ WARNING ] missing heavyatom:  CD1 on residue LEU 649
core.conformation.Conformation: [ WARNING ] missing heavyatom:  CD2 on residue LEU 649
core.conformation.Conformation: [ WARNING ] missing heavyatom:  CD  on residue LYS 652
core.conformation.Conformation: [ WARNING ] missing heavyatom:  CE  on residue LYS 652
core.conformation.Conformation: [ WARNING ] missing heavyatom:  NZ  on residue LYS 652
core.conformation.Conformation: [ WARNING ] missing heavyatom:  OG1 on residue THR 654
core.conformation.Conformation: [ WARNING ] missing heavyatom:  CG2 on residue THR 654
core.conformation.Conformation: [ WARNING ] missing heavyatom:  CG1 on residue VAL 655
core.conformation.Conformation: [ WARNING ] missing heavyatom:  CG2 on residue VAL 655
core.conformation.Conformation: [ WARNING ] missing heavyatom:  CG  on residue ASP 656
core.conformation.Conformation: [ WARNING ] missing heavyatom:  OD1 on residue ASP 656
core.conformation.Conformation: [ WARNING ] missing heavyatom:  OD2 on residue ASP 656
core.conformation.Conformation: [ WARNING ] missing heavyatom:  CB  on residue LYS 657
core.conformation.Conformation: [ WARNING ] missing heavyatom:  CG  on residue LYS 657
core.conformation.Conformation: [ WARNING ] missing heavyatom:  CD  on residue LYS 657
core.conformation.Conformation: [ WARNING ] missing heavyatom:  CE  on residue LYS 657
core.conformation.Conformation: [ WARNING ] missing heavyatom:  NZ  on residue LYS 657
core.conformation.Conformation: [ WARNING ] missing heavyatom:  CB  on residue ARG 659
core.conformation.Conformation: [ WARNING ] missing heavyatom:  CG  on residue ARG 659
core.conformation.Conformation: [ WARNING ] missing heavyatom:  CD  on residue ARG 659
core.conformation.Conformation: [ WARNING ] missing heavyatom:  NE  on residue ARG 659
core.conformation.Conformation: [ WARNING ] missing heavyatom:  CZ  on residue ARG 659
core.conformation.Conformation: [ WARNING ] missing heavyatom:  NH1 on residue ARG 659
core.conformation.Conformation: [ WARNING ] missing heavyatom:  NH2 on residue ARG 659
core.conformation.Conformation: [ WARNING ] missing heavyatom:  CB  on residue GLN 662
core.conformation.Conformation: [ WARNING ] missing heavyatom:  CG  on residue GLN 662
core.conformation.Conformation: [ WARNING ] missing heavyatom:  CD  on residue GLN 662
core.conformation.Conformation: [ WARNING ] missing heavyatom:  OE1 on residue GLN 662
core.conformation.Conformation: [ WARNING ] missing heavyatom:  NE2 on residue GLN 662
core.conformation.Conformation: [ WARNING ] missing heavyatom:  OD1 on residue ASN 664
core.conformation.Conformation: [ WARNING ] missing heavyatom:  CG1 on residue VAL 665
core.conformation.Conformation: [ WARNING ] missing heavyatom:  CG2 on residue VAL 665
core.conformation.Conformation: [ WARNING ] missing heavyatom:  CB  on residue SER 667
core.conformation.Conformation: [ WARNING ] missing heavyatom:  OG  on residue SER 667
core.conformation.Conformation: [ WARNING ] missing heavyatom:  CB  on residue SER 669
core.conformation.Conformation: [ WARNING ] missing heavyatom:  OG  on residue SER 669
core.conformation.Conformation: [ WARNING ] missing heavyatom:  CG1 on residue VAL 670
core.conformation.Conformation: [ WARNING ] missing heavyatom:  CG2 on residue VAL 670
core.conformation.Conformation: [ WARNING ] missing heavyatom:  CG  on residue LEU 675
core.conformation.Conformation: [ WARNING ] missing heavyatom:  CD1 on residue LEU 675
core.conformation.Conformation: [ WARNING ] missing heavyatom:  CD2 on residue LEU 675
core.conformation.Conformation: [ WARNING ] missing heavyatom:  CB  on residue GLN 681
core.conformation.Conformation: [ WARNING ] missing heavyatom:  CG  on residue GLN 681
core.conformation.Conformation: [ WARNING ] missing heavyatom:  CD  on residue GLN 681
core.conformation.Conformation: [ WARNING ] missing heavyatom:  OE1 on residue GLN 681
core.conformation.Conformation: [ WARNING ] missing heavyatom:  NE2 on residue GLN 681
core.conformation.Conformation: [ WARNING ] missing heavyatom:  CB  on residue LYS 682
core.conformation.Conformation: [ WARNING ] missing heavyatom:  CG  on residue LYS 682
core.conformation.Conformation: [ WARNING ] missing heavyatom:  CD  on residue LYS 682
core.conformation.Conformation: [ WARNING ] missing heavyatom:  CE  on residue LYS 682
core.conformation.Conformation: [ WARNING ] missing heavyatom:  NZ  on residue LYS 682
core.conformation.Conformation: [ WARNING ] missing heavyatom:  CB  on residue SER 683
core.conformation.Conformation: [ WARNING ] missing heavyatom:  OG  on residue SER 683
core.conformation.Conformation: [ WARNING ] missing heavyatom:  CB  on residue LEU 684
core.conformation.Conformation: [ WARNING ] missing heavyatom:  CG  on residue LEU 684
core.conformation.Conformation: [ WARNING ] missing heavyatom:  CD1 on residue LEU 684
core.conformation.Conformation: [ WARNING ] missing heavyatom:  CD2 on residue LEU 684
core.conformation.Conformation: [ WARNING ] missing heavyatom:  OXT on residue LEU:CtermProteinFull 686
core.conformation.Conformation: [ WARNING ] missing heavyatom:  CG1 on residue VAL 689
core.conformation.Conformation: [ WARNING ] missing heavyatom:  CG2 on residue VAL 689
core.conformation.Conformation: [ WARNING ] missing heavyatom:  CG  on residue LEU 691
core.conformation.Conformation: [ WARNING ] missing heavyatom:  CD1 on residue LEU 691
core.conformation.Conformation: [ WARNING ] missing heavyatom:  CD2 on residue LEU 691
core.conformation.Conformation: [ WARNING ] missing heavyatom:  CB  on residue LYS 695
core.conformation.Conformation: [ WARNING ] missing heavyatom:  CG  on residue LYS 695
core.conformation.Conformation: [ WARNING ] missing heavyatom:  CD  on residue LYS 695
core.conformation.Conformation: [ WARNING ] missing heavyatom:  CE  on residue LYS 695
core.conformation.Conformation: [ WARNING ] missing heavyatom:  NZ  on residue LYS 695
core.conformation.Conformation: [ WARNING ] missing heavyatom:  CG2 on residue THR 699
core.conformation.Conformation: [ WARNING ] missing heavyatom:  CD1 on residue LEU 700
core.conformation.Conformation: [ WARNING ] missing heavyatom:  CD2 on residue LEU 700
core.conformation.Conformation: [ WARNING ] missing heavyatom:  CG1 on residue ILE 702
core.conformation.Conformation: [ WARNING ] missing heavyatom:  CG2 on residue ILE 702
core.conformation.Conformation: [ WARNING ] missing heavyatom:  CD1 on residue ILE 702
core.conformation.Conformation: [ WARNING ] missing heavyatom:  CB  on residue ARG 704
core.conformation.Conformation: [ WARNING ] missing heavyatom:  CG  on residue ARG 704
core.conformation.Conformation: [ WARNING ] missing heavyatom:  CD  on residue ARG 704
core.conformation.Conformation: [ WARNING ] missing heavyatom:  NE  on residue ARG 704
core.conformation.Conformation: [ WARNING ] missing heavyatom:  CZ  on residue ARG 704
core.conformation.Conformation: [ WARNING ] missing heavyatom:  NH1 on residue ARG 704
core.conformation.Conformation: [ WARNING ] missing heavyatom:  NH2 on residue ARG 704
core.conformation.Conformation: [ WARNING ] missing heavyatom:  CG2 on residue THR 705
core.conformation.Conformation: [ WARNING ] missing heavyatom:  OE2 on residue GLU 707
core.conformation.Conformation: [ WARNING ] missing heavyatom:  CG1 on residue VAL 708
core.conformation.Conformation: [ WARNING ] missing heavyatom:  CG2 on residue VAL 708
core.conformation.Conformation: [ WARNING ] missing heavyatom:  CG1 on residue VAL 711
core.conformation.Conformation: [ WARNING ] missing heavyatom:  CG2 on residue VAL 711
core.conformation.Conformation: [ WARNING ] missing heavyatom:  CG1 on residue VAL 712
core.conformation.Conformation: [ WARNING ] missing heavyatom:  CG2 on residue VAL 712
core.conformation.Conformation: [ WARNING ] missing heavyatom:  CG1 on residue VAL 713
core.conformation.Conformation: [ WARNING ] missing heavyatom:  CG2 on residue VAL 713
core.conformation.Conformation: [ WARNING ] missing heavyatom:  CG1 on residue VAL 715
core.conformation.Conformation: [ WARNING ] missing heavyatom:  CG2 on residue VAL 715
core.conformation.Conformation: [ WARNING ] missing heavyatom:  CD  on residue GLU 718
core.conformation.Conformation: [ WARNING ] missing heavyatom:  OE1 on residue GLU 718
core.conformation.Conformation: [ WARNING ] missing heavyatom:  OE2 on residue GLU 718
core.conformation.Conformation: [ WARNING ] missing heavyatom:  CG1 on residue VAL 722
core.conformation.Conformation: [ WARNING ] missing heavyatom:  CG2 on residue VAL 722
core.conformation.Conformation: [ WARNING ] missing heavyatom:  CG  on residue LYS 723
core.conformation.Conformation: [ WARNING ] missing heavyatom:  CD  on residue LYS 723
core.conformation.Conformation: [ WARNING ] missing heavyatom:  CE  on residue LYS 723
core.conformation.Conformation: [ WARNING ] missing heavyatom:  NZ  on residue LYS 723
core.conformation.Conformation: [ WARNING ] missing heavyatom:  CG  on residue ASP 729
core.conformation.Conformation: [ WARNING ] missing heavyatom:  OD1 on residue ASP 729
core.conformation.Conformation: [ WARNING ] missing heavyatom:  OD2 on residue ASP 729
core.conformation.Conformation: [ WARNING ] missing heavyatom:  CG1 on residue VAL 731
core.conformation.Conformation: [ WARNING ] missing heavyatom:  CG2 on residue VAL 731
core.conformation.Conformation: [ WARNING ] missing heavyatom:  CB  on residue VAL 733
core.conformation.Conformation: [ WARNING ] missing heavyatom:  CG1 on residue VAL 733
core.conformation.Conformation: [ WARNING ] missing heavyatom:  CG2 on residue VAL 733
core.conformation.Conformation: [ WARNING ] missing heavyatom:  CG  on residue HIS 734
core.conformation.Conformation: [ WARNING ] missing heavyatom:  ND1 on residue HIS 734
core.conformation.Conformation: [ WARNING ] missing heavyatom:  CD2 on residue HIS 734
core.conformation.Conformation: [ WARNING ] missing heavyatom:  CE1 on residue HIS 734
core.conformation.Conformation: [ WARNING ] missing heavyatom:  NE2 on residue HIS 734
core.conformation.Conformation: [ WARNING ] missing heavyatom:  CB  on residue ASN 735
core.conformation.Conformation: [ WARNING ] missing heavyatom:  CG  on residue ASN 735
core.conformation.Conformation: [ WARNING ] missing heavyatom:  OD1 on residue ASN 735
core.conformation.Conformation: [ WARNING ] missing heavyatom:  ND2 on residue ASN 735
core.conformation.Conformation: [ WARNING ] missing heavyatom:  CB  on residue LYS 737
core.conformation.Conformation: [ WARNING ] missing heavyatom:  CG  on residue LYS 737
core.conformation.Conformation: [ WARNING ] missing heavyatom:  CD  on residue LYS 737
core.conformation.Conformation: [ WARNING ] missing heavyatom:  CE  on residue LYS 737
core.conformation.Conformation: [ WARNING ] missing heavyatom:  NZ  on residue LYS 737
core.conformation.Conformation: [ WARNING ] missing heavyatom:  CB  on residue THR 738
core.conformation.Conformation: [ WARNING ] missing heavyatom:  OG1 on residue THR 738
core.conformation.Conformation: [ WARNING ] missing heavyatom:  CG2 on residue THR 738
core.conformation.Conformation: [ WARNING ] missing heavyatom:  CB  on residue LYS 739
core.conformation.Conformation: [ WARNING ] missing heavyatom:  CG  on residue LYS 739
core.conformation.Conformation: [ WARNING ] missing heavyatom:  CD  on residue LYS 739
core.conformation.Conformation: [ WARNING ] missing heavyatom:  CE  on residue LYS 739
core.conformation.Conformation: [ WARNING ] missing heavyatom:  NZ  on residue LYS 739
core.conformation.Conformation: [ WARNING ] missing heavyatom:  CB  on residue ARG 741
core.conformation.Conformation: [ WARNING ] missing heavyatom:  CG  on residue ARG 741
core.conformation.Conformation: [ WARNING ] missing heavyatom:  CD  on residue ARG 741
core.conformation.Conformation: [ WARNING ] missing heavyatom:  NE  on residue ARG 741
core.conformation.Conformation: [ WARNING ] missing heavyatom:  CZ  on residue ARG 741
core.conformation.Conformation: [ WARNING ] missing heavyatom:  NH1 on residue ARG 741
core.conformation.Conformation: [ WARNING ] missing heavyatom:  NH2 on residue ARG 741
core.conformation.Conformation: [ WARNING ] missing heavyatom:  CG  on residue GLN 743
core.conformation.Conformation: [ WARNING ] missing heavyatom:  CD  on residue GLN 743
core.conformation.Conformation: [ WARNING ] missing heavyatom:  OE1 on residue GLN 743
core.conformation.Conformation: [ WARNING ] missing heavyatom:  NE2 on residue GLN 743
core.conformation.Conformation: [ WARNING ] missing heavyatom:  CB  on residue GLN 744
core.conformation.Conformation: [ WARNING ] missing heavyatom:  CG  on residue GLN 744
core.conformation.Conformation: [ WARNING ] missing heavyatom:  CD  on residue GLN 744
core.conformation.Conformation: [ WARNING ] missing heavyatom:  OE1 on residue GLN 744
core.conformation.Conformation: [ WARNING ] missing heavyatom:  NE2 on residue GLN 744
core.conformation.Conformation: [ WARNING ] missing heavyatom:  CG1 on residue VAL 752
core.conformation.Conformation: [ WARNING ] missing heavyatom:  CG2 on residue VAL 752
core.conformation.Conformation: [ WARNING ] missing heavyatom:  CG2 on residue VAL 754
core.conformation.Conformation: [ WARNING ] missing heavyatom:  CD2 on residue LEU 755
core.conformation.Conformation: [ WARNING ] missing heavyatom:  CG2 on residue THR 756
core.conformation.Conformation: [ WARNING ] missing heavyatom:  CG2 on residue VAL 757
core.conformation.Conformation: [ WARNING ] missing heavyatom:  CD2 on residue LEU 758
core.conformation.Conformation: [ WARNING ] missing heavyatom:  CB  on residue GLN 760
core.conformation.Conformation: [ WARNING ] missing heavyatom:  CG  on residue GLN 760
core.conformation.Conformation: [ WARNING ] missing heavyatom:  CD  on residue GLN 760
core.conformation.Conformation: [ WARNING ] missing heavyatom:  OE1 on residue GLN 760
core.conformation.Conformation: [ WARNING ] missing heavyatom:  NE2 on residue GLN 760
core.conformation.Conformation: [ WARNING ] missing heavyatom:  CG  on residue LEU 763
core.conformation.Conformation: [ WARNING ] missing heavyatom:  CD1 on residue LEU 763
core.conformation.Conformation: [ WARNING ] missing heavyatom:  CD2 on residue LEU 763
core.conformation.Conformation: [ WARNING ] missing heavyatom:  CD  on residue GLU 767
core.conformation.Conformation: [ WARNING ] missing heavyatom:  OE1 on residue GLU 767
core.conformation.Conformation: [ WARNING ] missing heavyatom:  OE2 on residue GLU 767
core.conformation.Conformation: [ WARNING ] missing heavyatom:  CB  on residue LYS 769
core.conformation.Conformation: [ WARNING ] missing heavyatom:  CG  on residue LYS 769
core.conformation.Conformation: [ WARNING ] missing heavyatom:  CD  on residue LYS 769
core.conformation.Conformation: [ WARNING ] missing heavyatom:  CE  on residue LYS 769
core.conformation.Conformation: [ WARNING ] missing heavyatom:  NZ  on residue LYS 769
core.conformation.Conformation: [ WARNING ] missing heavyatom:  CB  on residue LYS 771
core.conformation.Conformation: [ WARNING ] missing heavyatom:  CG  on residue LYS 771
core.conformation.Conformation: [ WARNING ] missing heavyatom:  CD  on residue LYS 771
core.conformation.Conformation: [ WARNING ] missing heavyatom:  CE  on residue LYS 771
core.conformation.Conformation: [ WARNING ] missing heavyatom:  NZ  on residue LYS 771
core.conformation.Conformation: [ WARNING ] missing heavyatom:  CG2 on residue VAL 772
core.conformation.Conformation: [ WARNING ] missing heavyatom:  CD1 on residue ILE 781
core.conformation.Conformation: [ WARNING ] missing heavyatom:  CB  on residue LYS 783
core.conformation.Conformation: [ WARNING ] missing heavyatom:  CG  on residue LYS 783
core.conformation.Conformation: [ WARNING ] missing heavyatom:  CD  on residue LYS 783
core.conformation.Conformation: [ WARNING ] missing heavyatom:  CE  on residue LYS 783
core.conformation.Conformation: [ WARNING ] missing heavyatom:  NZ  on residue LYS 783
core.conformation.Conformation: [ WARNING ] missing heavyatom:  CG1 on residue ILE 785
core.conformation.Conformation: [ WARNING ] missing heavyatom:  CD1 on residue ILE 785
core.conformation.Conformation: [ WARNING ] missing heavyatom:  CD  on residue LYS 787
core.conformation.Conformation: [ WARNING ] missing heavyatom:  CE  on residue LYS 787
core.conformation.Conformation: [ WARNING ] missing heavyatom:  NZ  on residue LYS 787
core.conformation.Conformation: [ WARNING ] missing heavyatom:  CG  on residue LYS 789
core.conformation.Conformation: [ WARNING ] missing heavyatom:  CD  on residue LYS 789
core.conformation.Conformation: [ WARNING ] missing heavyatom:  CE  on residue LYS 789
core.conformation.Conformation: [ WARNING ] missing heavyatom:  NZ  on residue LYS 789
core.conformation.Conformation: [ WARNING ] missing heavyatom:  CB  on residue ARG 793
core.conformation.Conformation: [ WARNING ] missing heavyatom:  CG  on residue ARG 793
core.conformation.Conformation: [ WARNING ] missing heavyatom:  CD  on residue ARG 793
core.conformation.Conformation: [ WARNING ] missing heavyatom:  NE  on residue ARG 793
core.conformation.Conformation: [ WARNING ] missing heavyatom:  CZ  on residue ARG 793
core.conformation.Conformation: [ WARNING ] missing heavyatom:  NH1 on residue ARG 793
core.conformation.Conformation: [ WARNING ] missing heavyatom:  NH2 on residue ARG 793
core.conformation.Conformation: [ WARNING ] missing heavyatom:  CD  on residue GLN 796
core.conformation.Conformation: [ WARNING ] missing heavyatom:  OE1 on residue GLN 796
core.conformation.Conformation: [ WARNING ] missing heavyatom:  NE2 on residue GLN 796
core.conformation.Conformation: [ WARNING ] missing heavyatom:  CG1 on residue VAL 797
core.conformation.Conformation: [ WARNING ] missing heavyatom:  CG2 on residue VAL 797
core.conformation.Conformation: [ WARNING ] missing heavyatom:  CG2 on residue THR 799
core.conformation.Conformation: [ WARNING ] missing heavyatom:  CB  on residue LEU 800
core.conformation.Conformation: [ WARNING ] missing heavyatom:  CG  on residue LEU 800
core.conformation.Conformation: [ WARNING ] missing heavyatom:  CD1 on residue LEU 800
core.conformation.Conformation: [ WARNING ] missing heavyatom:  CD2 on residue LEU 800
core.conformation.Conformation: [ WARNING ] missing heavyatom:  CB  on residue ARG 804
core.conformation.Conformation: [ WARNING ] missing heavyatom:  CG  on residue ARG 804
core.conformation.Conformation: [ WARNING ] missing heavyatom:  CD  on residue ARG 804
core.conformation.Conformation: [ WARNING ] missing heavyatom:  CB  on residue GLU 805
core.conformation.Conformation: [ WARNING ] missing heavyatom:  CG  on residue GLU 805
core.conformation.Conformation: [ WARNING ] missing heavyatom:  CD  on residue GLU 805
core.conformation.Conformation: [ WARNING ] missing heavyatom:  OE1 on residue GLU 805
core.conformation.Conformation: [ WARNING ] missing heavyatom:  OE2 on residue GLU 805
core.conformation.Conformation: [ WARNING ] missing heavyatom:  OE2 on residue GLU 806
core.conformation.Conformation: [ WARNING ] missing heavyatom:  CE  on residue MET 807
core.conformation.Conformation: [ WARNING ] missing heavyatom:  CD  on residue LYS 809
core.conformation.Conformation: [ WARNING ] missing heavyatom:  CE  on residue LYS 809
core.conformation.Conformation: [ WARNING ] missing heavyatom:  NZ  on residue LYS 809
core.conformation.Conformation: [ WARNING ] missing heavyatom:  CG  on residue ASN 810
core.conformation.Conformation: [ WARNING ] missing heavyatom:  OD1 on residue ASN 810
core.conformation.Conformation: [ WARNING ] missing heavyatom:  ND2 on residue ASN 810
core.conformation.Conformation: [ WARNING ] missing heavyatom:  CG  on residue GLN 811
core.conformation.Conformation: [ WARNING ] missing heavyatom:  CD  on residue GLN 811
core.conformation.Conformation: [ WARNING ] missing heavyatom:  OE1 on residue GLN 811
core.conformation.Conformation: [ WARNING ] missing heavyatom:  NE2 on residue GLN 811
core.conformation.Conformation: [ WARNING ] missing heavyatom:  CB  on residue VAL 812
core.conformation.Conformation: [ WARNING ] missing heavyatom:  CG1 on residue VAL 812
core.conformation.Conformation: [ WARNING ] missing heavyatom:  CG2 on residue VAL 812
core.conformation.Conformation: [ WARNING ] missing heavyatom:  CG  on residue LEU 814
core.conformation.Conformation: [ WARNING ] missing heavyatom:  CD1 on residue LEU 814
core.conformation.Conformation: [ WARNING ] missing heavyatom:  CD2 on residue LEU 814
core.conformation.Conformation: [ WARNING ] missing heavyatom:  CD1 on residue LEU 817
core.conformation.Conformation: [ WARNING ] missing heavyatom:  CD2 on residue LEU 817
core.conformation.Conformation: [ WARNING ] missing heavyatom:  CB  on residue VAL 818
core.conformation.Conformation: [ WARNING ] missing heavyatom:  CG1 on residue VAL 818
core.conformation.Conformation: [ WARNING ] missing heavyatom:  CG2 on residue VAL 818
core.conformation.Conformation: [ WARNING ] missing heavyatom:  CG1 on residue ILE 826
core.conformation.Conformation: [ WARNING ] missing heavyatom:  CG2 on residue ILE 826
core.conformation.Conformation: [ WARNING ] missing heavyatom:  CD1 on residue ILE 826
core.conformation.Conformation: [ WARNING ] missing heavyatom:  CG1 on residue VAL 828
core.conformation.Conformation: [ WARNING ] missing heavyatom:  CB  on residue GLU 829
core.conformation.Conformation: [ WARNING ] missing heavyatom:  CG  on residue GLU 829
core.conformation.Conformation: [ WARNING ] missing heavyatom:  CD  on residue GLU 829
core.conformation.Conformation: [ WARNING ] missing heavyatom:  OE1 on residue GLU 829
core.conformation.Conformation: [ WARNING ] missing heavyatom:  OE2 on residue GLU 829
core.conformation.Conformation: [ WARNING ] missing heavyatom:  OE2 on residue GLU 831
core.conformation.Conformation: [ WARNING ] missing heavyatom:  CG  on residue ASN 833
core.conformation.Conformation: [ WARNING ] missing heavyatom:  OD1 on residue ASN 833
core.conformation.Conformation: [ WARNING ] missing heavyatom:  ND2 on residue ASN 833
core.conformation.Conformation: [ WARNING ] missing heavyatom:  CB  on residue GLN 835
core.conformation.Conformation: [ WARNING ] missing heavyatom:  CG  on residue GLN 835
core.conformation.Conformation: [ WARNING ] missing heavyatom:  CD  on residue GLN 835
core.conformation.Conformation: [ WARNING ] missing heavyatom:  OE1 on residue GLN 835
core.conformation.Conformation: [ WARNING ] missing heavyatom:  NE2 on residue GLN 835
core.conformation.Conformation: [ WARNING ] missing heavyatom:  CG  on residue ASN 838
core.conformation.Conformation: [ WARNING ] missing heavyatom:  OD1 on residue ASN 838
core.conformation.Conformation: [ WARNING ] missing heavyatom:  ND2 on residue ASN 838
core.conformation.Conformation: [ WARNING ] missing heavyatom:  CB  on residue ASN 839
core.conformation.Conformation: [ WARNING ] missing heavyatom:  CG  on residue ASN 839
core.conformation.Conformation: [ WARNING ] missing heavyatom:  OD1 on residue ASN 839
core.conformation.Conformation: [ WARNING ] missing heavyatom:  ND2 on residue ASN 839
core.conformation.Conformation: [ WARNING ] missing heavyatom:  CD  on residue LYS 841
core.conformation.Conformation: [ WARNING ] missing heavyatom:  CE  on residue LYS 841
core.conformation.Conformation: [ WARNING ] missing heavyatom:  NZ  on residue LYS 841
core.conformation.Conformation: [ WARNING ] missing heavyatom:  CG2 on residue THR 842
core.conformation.Conformation: [ WARNING ] missing heavyatom:  CB  on residue SER 849
core.conformation.Conformation: [ WARNING ] missing heavyatom:  OG  on residue SER 849
core.conformation.Conformation: [ WARNING ] missing heavyatom:  CD2 on residue LEU 855
core.conformation.Conformation: [ WARNING ] missing heavyatom:  CD2 on residue LEU 859
core.conformation.Conformation: [ WARNING ] missing heavyatom:  CG1 on residue VAL 861
core.conformation.Conformation: [ WARNING ] missing heavyatom:  OE1 on residue GLN 867
core.conformation.Conformation: [ WARNING ] missing heavyatom:  NE2 on residue GLN 867
core.conformation.Conformation: [ WARNING ] missing heavyatom:  CD  on residue GLN 868
core.conformation.Conformation: [ WARNING ] missing heavyatom:  OE1 on residue GLN 868
core.conformation.Conformation: [ WARNING ] missing heavyatom:  NE2 on residue GLN 868
core.conformation.Conformation: [ WARNING ] missing heavyatom:  OD1 on residue ASN 870
core.conformation.Conformation: [ WARNING ] missing heavyatom:  CG1 on residue VAL 871
core.conformation.Conformation: [ WARNING ] missing heavyatom:  CG2 on residue VAL 871
core.conformation.Conformation: [ WARNING ] missing heavyatom:  CG2 on residue VAL 876
core.conformation.Conformation: [ WARNING ] missing heavyatom:  CB  on residue LEU 881
core.conformation.Conformation: [ WARNING ] missing heavyatom:  CG  on residue LEU 881
core.conformation.Conformation: [ WARNING ] missing heavyatom:  CD1 on residue LEU 881
core.conformation.Conformation: [ WARNING ] missing heavyatom:  CD2 on residue LEU 881
core.conformation.Conformation: [ WARNING ] missing heavyatom:  OG  on residue SER 889
core.conformation.Conformation: [ WARNING ] missing heavyatom:  CG  on residue LEU 890
core.conformation.Conformation: [ WARNING ] missing heavyatom:  CD1 on residue LEU 890
core.conformation.Conformation: [ WARNING ] missing heavyatom:  CD2 on residue LEU 890
core.conformation.Conformation: [ WARNING ] missing heavyatom:  OXT on residue LEU:CtermProteinFull 892
core.conformation.Conformation: Found disulfide between residues 504 564
core.conformation.Conformation: Found disulfide between residues 610 668
core.conformation.Conformation: Found disulfide between residues 710 770
core.conformation.Conformation: Found disulfide between residues 816 874
core.pack.pack_missing_sidechains: packing residue number 483 because of missing atom number 5 atom name  CB 
core.pack.pack_missing_sidechains: packing residue number 485 because of missing atom number 5 atom name  CB 
core.pack.pack_missing_sidechains: packing residue number 489 because of missing atom number 5 atom name  CB 
core.pack.pack_missing_sidechains: packing residue number 491 because of missing atom number 5 atom name  CB 
core.pack.pack_missing_sidechains: packing residue number 494 because of missing atom number 6 atom name  CG 
core.pack.pack_missing_sidechains: packing residue number 496 because of missing atom number 6 atom name  CG1
core.pack.pack_missing_sidechains: packing residue number 507 because of missing atom number 6 atom name  CG1
core.pack.pack_missing_sidechains: packing residue number 508 because of missing atom number 6 atom name  CG 
core.pack.pack_missing_sidechains: packing residue number 509 because of missing atom number 5 atom name  CB 
core.pack.pack_missing_sidechains: packing residue number 512 because of missing atom number 7 atom name  CD 
core.pack.pack_missing_sidechains: packing residue number 513 because of missing atom number 5 atom name  CB 
core.pack.pack_missing_sidechains: packing residue number 515 because of missing atom number 7 atom name  CD 
core.pack.pack_missing_sidechains: packing residue number 516 because of missing atom number 5 atom name  CB 
core.pack.pack_missing_sidechains: packing residue number 517 because of missing atom number 6 atom name  CG 
core.pack.pack_missing_sidechains: packing residue number 518 because of missing atom number 9 atom name  CE1
core.pack.pack_missing_sidechains: packing residue number 519 because of missing atom number 6 atom name  CG 
core.pack.pack_missing_sidechains: packing residue number 522 because of missing atom number 6 atom name  CG1
core.pack.pack_missing_sidechains: packing residue number 525 because of missing atom number 5 atom name  CB 
core.pack.pack_missing_sidechains: packing residue number 527 because of missing atom number 6 atom name  CG1
core.pack.pack_missing_sidechains: packing residue number 528 because of missing atom number 7 atom name  ND1
core.pack.pack_missing_sidechains: packing residue number 529 because of missing atom number 5 atom name  CB 
core.pack.pack_missing_sidechains: packing residue number 531 because of missing atom number 5 atom name  CB 
core.pack.pack_missing_sidechains: packing residue number 533 because of missing atom number 5 atom name  CB 
core.pack.pack_missing_sidechains: packing residue number 535 because of missing atom number 6 atom name  CG 
core.pack.pack_missing_sidechains: packing residue number 536 because of missing atom number 5 atom name  CB 
core.pack.pack_missing_sidechains: packing residue number 537 because of missing atom number 6 atom name  CG 
core.pack.pack_missing_sidechains: packing residue number 541 because of missing atom number 5 atom name  CB 
core.pack.pack_missing_sidechains: packing residue number 544 because of missing atom number 6 atom name  CG 
core.pack.pack_missing_sidechains: packing residue number 545 because of missing atom number 6 atom name  CG1
core.pack.pack_missing_sidechains: packing residue number 546 because of missing atom number 6 atom name  CG1
core.pack.pack_missing_sidechains: packing residue number 547 because of missing atom number 5 atom name  CB 
core.pack.pack_missing_sidechains: packing residue number 552 because of missing atom number 6 atom name  CG 
core.pack.pack_missing_sidechains: packing residue number 554 because of missing atom number 6 atom name  CG 
core.pack.pack_missing_sidechains: packing residue number 557 because of missing atom number 7 atom name  CD1
core.pack.pack_missing_sidechains: packing residue number 560 because of missing atom number 5 atom name  CB 
core.pack.pack_missing_sidechains: packing residue number 561 because of missing atom number 5 atom name  CB 
core.pack.pack_missing_sidechains: packing residue number 563 because of missing atom number 6 atom name  CG 
core.pack.pack_missing_sidechains: packing residue number 565 because of missing atom number 5 atom name  CB 
core.pack.pack_missing_sidechains: packing residue number 566 because of missing atom number 5 atom name  CB 
core.pack.pack_missing_sidechains: packing residue number 567 because of missing atom number 6 atom name  OG 
core.pack.pack_missing_sidechains: packing residue number 571 because of missing atom number 6 atom name  CG 
core.pack.pack_missing_sidechains: packing residue number 575 because of missing atom number 7 atom name  CG2
core.pack.pack_missing_sidechains: packing residue number 577 because of missing atom number 7 atom name  CD 
core.pack.pack_missing_sidechains: packing residue number 579 because of missing atom number 7 atom name  CG2
core.pack.pack_missing_sidechains: packing residue number 587 because of missing atom number 5 atom name  CB 
core.pack.pack_missing_sidechains: packing residue number 590 because of missing atom number 6 atom name  CG 
core.pack.pack_missing_sidechains: packing residue number 593 because of missing atom number 7 atom name  CG2
core.pack.pack_missing_sidechains: packing residue number 594 because of missing atom number 7 atom name  CD1
core.pack.pack_missing_sidechains: packing residue number 597 because of missing atom number 5 atom name  CB 
core.pack.pack_missing_sidechains: packing residue number 598 because of missing atom number 5 atom name  CB 
core.pack.pack_missing_sidechains: packing residue number 601 because of missing atom number 5 atom name  CB 
core.pack.pack_missing_sidechains: packing residue number 602 because of missing atom number 5 atom name  CB 
core.pack.pack_missing_sidechains: packing residue number 603 because of missing atom number 5 atom name  CB 
core.pack.pack_missing_sidechains: packing residue number 604 because of missing atom number 7 atom name  OD1
core.pack.pack_missing_sidechains: packing residue number 605 because of missing atom number 5 atom name  CB 
core.pack.pack_missing_sidechains: packing residue number 606 because of missing atom number 5 atom name  CB 
core.pack.pack_missing_sidechains: packing residue number 608 because of missing atom number 6 atom name  CG 
core.pack.pack_missing_sidechains: packing residue number 611 because of missing atom number 6 atom name  CG 
core.pack.pack_missing_sidechains: packing residue number 612 because of missing atom number 6 atom name  CG1
core.pack.pack_missing_sidechains: packing residue number 613 because of missing atom number 6 atom name  CG 
core.pack.pack_missing_sidechains: packing residue number 618 because of missing atom number 6 atom name  OG 
core.pack.pack_missing_sidechains: packing residue number 620 because of missing atom number 6 atom name  CG1
core.pack.pack_missing_sidechains: packing residue number 622 because of missing atom number 6 atom name  CG1
core.pack.pack_missing_sidechains: packing residue number 623 because of missing atom number 5 atom name  CB 
core.pack.pack_missing_sidechains: packing residue number 625 because of missing atom number 6 atom name  CG 
core.pack.pack_missing_sidechains: packing residue number 629 because of missing atom number 5 atom name  CB 
core.pack.pack_missing_sidechains: packing residue number 633 because of missing atom number 5 atom name  CB 
core.pack.pack_missing_sidechains: packing residue number 640 because of missing atom number 6 atom name  CG1
core.pack.pack_missing_sidechains: packing residue number 641 because of missing atom number 7 atom name  CD1
core.pack.pack_missing_sidechains: packing residue number 649 because of missing atom number 6 atom name  CG 
core.pack.pack_missing_sidechains: packing residue number 652 because of missing atom number 7 atom name  CD 
core.pack.pack_missing_sidechains: packing residue number 654 because of missing atom number 6 atom name  OG1
core.pack.pack_missing_sidechains: packing residue number 655 because of missing atom number 6 atom name  CG1
core.pack.pack_missing_sidechains: packing residue number 656 because of missing atom number 6 atom name  CG 
core.pack.pack_missing_sidechains: packing residue number 657 because of missing atom number 5 atom name  CB 
core.pack.pack_missing_sidechains: packing residue number 659 because of missing atom number 5 atom name  CB 
core.pack.pack_missing_sidechains: packing residue number 662 because of missing atom number 5 atom name  CB 
core.pack.pack_missing_sidechains: packing residue number 664 because of missing atom number 7 atom name  OD1
core.pack.pack_missing_sidechains: packing residue number 665 because of missing atom number 6 atom name  CG1
core.pack.pack_missing_sidechains: packing residue number 667 because of missing atom number 5 atom name  CB 
core.pack.pack_missing_sidechains: packing residue number 669 because of missing atom number 5 atom name  CB 
core.pack.pack_missing_sidechains: packing residue number 670 because of missing atom number 6 atom name  CG1
core.pack.pack_missing_sidechains: packing residue number 675 because of missing atom number 6 atom name  CG 
core.pack.pack_missing_sidechains: packing residue number 681 because of missing atom number 5 atom name  CB 
core.pack.pack_missing_sidechains: packing residue number 682 because of missing atom number 5 atom name  CB 
core.pack.pack_missing_sidechains: packing residue number 683 because of missing atom number 5 atom name  CB 
core.pack.pack_missing_sidechains: packing residue number 684 because of missing atom number 5 atom name  CB 
core.pack.pack_missing_sidechains: packing residue number 689 because of missing atom number 6 atom name  CG1
core.pack.pack_missing_sidechains: packing residue number 691 because of missing atom number 6 atom name  CG 
core.pack.pack_missing_sidechains: packing residue number 695 because of missing atom number 5 atom name  CB 
core.pack.pack_missing_sidechains: packing residue number 699 because of missing atom number 7 atom name  CG2
core.pack.pack_missing_sidechains: packing residue number 700 because of missing atom number 7 atom name  CD1
core.pack.pack_missing_sidechains: packing residue number 702 because of missing atom number 6 atom name  CG1
core.pack.pack_missing_sidechains: packing residue number 704 because of missing atom number 5 atom name  CB 
core.pack.pack_missing_sidechains: packing residue number 705 because of missing atom number 7 atom name  CG2
core.pack.pack_missing_sidechains: packing residue number 707 because of missing atom number 9 atom name  OE2
core.pack.pack_missing_sidechains: packing residue number 708 because of missing atom number 6 atom name  CG1
core.pack.pack_missing_sidechains: packing residue number 711 because of missing atom number 6 atom name  CG1
core.pack.pack_missing_sidechains: packing residue number 712 because of missing atom number 6 atom name  CG1
core.pack.pack_missing_sidechains: packing residue number 713 because of missing atom number 6 atom name  CG1
core.pack.pack_missing_sidechains: packing residue number 715 because of missing atom number 6 atom name  CG1
core.pack.pack_missing_sidechains: packing residue number 718 because of missing atom number 7 atom name  CD 
core.pack.pack_missing_sidechains: packing residue number 722 because of missing atom number 6 atom name  CG1
core.pack.pack_missing_sidechains: packing residue number 723 because of missing atom number 6 atom name  CG 
core.pack.pack_missing_sidechains: packing residue number 729 because of missing atom number 6 atom name  CG 
core.pack.pack_missing_sidechains: packing residue number 731 because of missing atom number 6 atom name  CG1
core.pack.pack_missing_sidechains: packing residue number 733 because of missing atom number 5 atom name  CB 
core.pack.pack_missing_sidechains: packing residue number 734 because of missing atom number 6 atom name  CG 
core.pack.pack_missing_sidechains: packing residue number 735 because of missing atom number 5 atom name  CB 
core.pack.pack_missing_sidechains: packing residue number 737 because of missing atom number 5 atom name  CB 
core.pack.pack_missing_sidechains: packing residue number 738 because of missing atom number 5 atom name  CB 
core.pack.pack_missing_sidechains: packing residue number 739 because of missing atom number 5 atom name  CB 
core.pack.pack_missing_sidechains: packing residue number 741 because of missing atom number 5 atom name  CB 
core.pack.pack_missing_sidechains: packing residue number 743 because of missing atom number 6 atom name  CG 
core.pack.pack_missing_sidechains: packing residue number 744 because of missing atom number 5 atom name  CB 
core.pack.pack_missing_sidechains: packing residue number 752 because of missing atom number 6 atom name  CG1
core.pack.pack_missing_sidechains: packing residue number 754 because of missing atom number 7 atom name  CG2
core.pack.pack_missing_sidechains: packing residue number 755 because of missing atom number 8 atom name  CD2
core.pack.pack_missing_sidechains: packing residue number 756 because of missing atom number 7 atom name  CG2
core.pack.pack_missing_sidechains: packing residue number 757 because of missing atom number 7 atom name  CG2
core.pack.pack_missing_sidechains: packing residue number 758 because of missing atom number 8 atom name  CD2
core.pack.pack_missing_sidechains: packing residue number 760 because of missing atom number 5 atom name  CB 
core.pack.pack_missing_sidechains: packing residue number 763 because of missing atom number 6 atom name  CG 
core.pack.pack_missing_sidechains: packing residue number 767 because of missing atom number 7 atom name  CD 
core.pack.pack_missing_sidechains: packing residue number 769 because of missing atom number 5 atom name  CB 
core.pack.pack_missing_sidechains: packing residue number 771 because of missing atom number 5 atom name  CB 
core.pack.pack_missing_sidechains: packing residue number 772 because of missing atom number 7 atom name  CG2
core.pack.pack_missing_sidechains: packing residue number 781 because of missing atom number 8 atom name  CD1
core.pack.pack_missing_sidechains: packing residue number 783 because of missing atom number 5 atom name  CB 
core.pack.pack_missing_sidechains: packing residue number 785 because of missing atom number 6 atom name  CG1
core.pack.pack_missing_sidechains: packing residue number 787 because of missing atom number 7 atom name  CD 
core.pack.pack_missing_sidechains: packing residue number 789 because of missing atom number 6 atom name  CG 
core.pack.pack_missing_sidechains: packing residue number 793 because of missing atom number 5 atom name  CB 
core.pack.pack_missing_sidechains: packing residue number 796 because of missing atom number 7 atom name  CD 
core.pack.pack_missing_sidechains: packing residue number 797 because of missing atom number 6 atom name  CG1
core.pack.pack_missing_sidechains: packing residue number 799 because of missing atom number 7 atom name  CG2
core.pack.pack_missing_sidechains: packing residue number 800 because of missing atom number 5 atom name  CB 
core.pack.pack_missing_sidechains: packing residue number 804 because of missing atom number 5 atom name  CB 
core.pack.pack_missing_sidechains: packing residue number 805 because of missing atom number 5 atom name  CB 
core.pack.pack_missing_sidechains: packing residue number 806 because of missing atom number 9 atom name  OE2
core.pack.pack_missing_sidechains: packing residue number 807 because of missing atom number 8 atom name  CE 
core.pack.pack_missing_sidechains: packing residue number 809 because of missing atom number 7 atom name  CD 
core.pack.pack_missing_sidechains: packing residue number 810 because of missing atom number 6 atom name  CG 
core.pack.pack_missing_sidechains: packing residue number 811 because of missing atom number 6 atom name  CG 
core.pack.pack_missing_sidechains: packing residue number 812 because of missing atom number 5 atom name  CB 
core.pack.pack_missing_sidechains: packing residue number 814 because of missing atom number 6 atom name  CG 
core.pack.pack_missing_sidechains: packing residue number 817 because of missing atom number 7 atom name  CD1
core.pack.pack_missing_sidechains: packing residue number 818 because of missing atom number 5 atom name  CB 
core.pack.pack_missing_sidechains: packing residue number 826 because of missing atom number 6 atom name  CG1
core.pack.pack_missing_sidechains: packing residue number 828 because of missing atom number 6 atom name  CG1
core.pack.pack_missing_sidechains: packing residue number 829 because of missing atom number 5 atom name  CB 
core.pack.pack_missing_sidechains: packing residue number 831 because of missing atom number 9 atom name  OE2
core.pack.pack_missing_sidechains: packing residue number 833 because of missing atom number 6 atom name  CG 
core.pack.pack_missing_sidechains: packing residue number 835 because of missing atom number 5 atom name  CB 
core.pack.pack_missing_sidechains: packing residue number 838 because of missing atom number 6 atom name  CG 
core.pack.pack_missing_sidechains: packing residue number 839 because of missing atom number 5 atom name  CB 
core.pack.pack_missing_sidechains: packing residue number 841 because of missing atom number 7 atom name  CD 
core.pack.pack_missing_sidechains: packing residue number 842 because of missing atom number 7 atom name  CG2
core.pack.pack_missing_sidechains: packing residue number 849 because of missing atom number 5 atom name  CB 
core.pack.pack_missing_sidechains: packing residue number 855 because of missing atom number 8 atom name  CD2
core.pack.pack_missing_sidechains: packing residue number 859 because of missing atom number 8 atom name  CD2
core.pack.pack_missing_sidechains: packing residue number 861 because of missing atom number 6 atom name  CG1
core.pack.pack_missing_sidechains: packing residue number 867 because of missing atom number 8 atom name  OE1
core.pack.pack_missing_sidechains: packing residue number 868 because of missing atom number 7 atom name  CD 
core.pack.pack_missing_sidechains: packing residue number 870 because of missing atom number 7 atom name  OD1
core.pack.pack_missing_sidechains: packing residue number 871 because of missing atom number 6 atom name  CG1
core.pack.pack_missing_sidechains: packing residue number 876 because of missing atom number 7 atom name  CG2
core.pack.pack_missing_sidechains: packing residue number 881 because of missing atom number 5 atom name  CB 
core.pack.pack_missing_sidechains: packing residue number 889 because of missing atom number 6 atom name  OG 
core.pack.pack_missing_sidechains: packing residue number 890 because of missing atom number 6 atom name  CG 
core.pack.task: Packer task: initialize from command line() 
core.scoring.ScoreFunctionFactory: SCOREFUNCTION: ref2015
basic.io.database: Database file opened: scoring/score_functions/elec_cp_reps.dat
core.scoring.elec.util: Read 40 countpair representative atoms
core.pack.dunbrack.RotamerLibrary: shapovalov_lib_fixes_enable option is true.
core.pack.dunbrack.RotamerLibrary: shapovalov_lib::shap_dun10_smooth_level of 1( aka lowest_smooth ) got activated.
core.pack.dunbrack.RotamerLibrary: Binary rotamer library selected: /Users/junyoung/Desktop/BioMatAI/rosetta/rosetta.binary.m1.release-371/main/database/rotamer/shapovalov/StpDwn_0-0-0/Dunbrack10.lib.bin
core.pack.dunbrack.RotamerLibrary: Using Dunbrack library binary file '/Users/junyoung/Desktop/BioMatAI/rosetta/rosetta.binary.m1.release-371/main/database/rotamer/shapovalov/StpDwn_0-0-0/Dunbrack10.lib.bin'.
core.pack.dunbrack.RotamerLibrary: Dunbrack 2010 library took 0.088057 seconds to load from binary
core.pack.pack_rotamers: built 3158 rotamers at 170 positions.
core.pack.interaction_graph.interaction_graph_factory: Instantiating DensePDInteractionGraph
protocols.SurfaceDocking.SurfaceDockingProtocol: Starting Surface Docking Protocol...
protocols.surfaceDocking.SurfaceParameters: Surface Vectors value inside constructor:
protocols.surfaceDocking.SurfaceParameters: SURFA0:      13.09200000000000       10.33600000000000       19.83900000000000
protocols.surfaceDocking.SurfaceParameters: SURFA1:      13.09200000000000       20.33600000000000       19.83900000000000
protocols.surfaceDocking.SurfaceParameters: SURFA2:      3.092000000000000       10.33600000000000       19.83900000000000
protocols.SurfaceDocking.SurfaceDockingProtocol: Setting up classic abinitio
protocols.SurfaceDocking.SurfaceDockingProtocol: Loading Fragment 9:

ERROR: Assertion `aframe->length() == max_frag_length()` failed.
ERROR:: Exit from: src/core/fragment/ConstantLengthFragSet.cc line: 135
protocols.jd2.JobDistributor: [ ERROR ] 

[ERROR] Exception caught by JobDistributor for job complex_0001

[ ERROR ]: Caught exception:


File: src/core/fragment/ConstantLengthFragSet.cc:135
[ ERROR ] UtilityExitException
ERROR: Assertion `aframe->length() == max_frag_length()` failed.




AN INTERNAL ERROR HAS OCCURED. PLEASE SEE THE CONTENTS OF ROSETTA_CRASH.log FOR DETAILS.


protocols.jd2.JobDistributor: [ WARNING ] complex_0001 reported failure and will NOT retry
protocols.jd2.JobDistributor: no more batches to process... 
protocols.jd2.JobDistributor: 1 jobs considered, 1 jobs attempted in 0 seconds

---------------------------------------------------------------
[ ERROR ]: Error(s) were encountered when running jobs.
1 jobs failed;
Check the output further up for additional error messages.
---------------------------------------------------------------

